#-----------------------------------------------------------
# Vivado v2020.1 (64-bit)
# SW Build 2902540 on Wed May 27 19:54:35 MDT 2020
# IP Build 2902112 on Wed May 27 22:43:36 MDT 2020
# Start of session at: Tue Dec  8 21:11:15 2020
# Process ID: 3438
# Current directory: /home/davidviralo/Documentos/Vivado/ProyectoFinal/SoC_project_includeVerilog/build/nexys4ddr/gateware
# Command line: vivado -mode batch -source nexys4ddr.tcl
# Log file: /home/davidviralo/Documentos/Vivado/ProyectoFinal/SoC_project_includeVerilog/build/nexys4ddr/gateware/vivado.log
# Journal file: /home/davidviralo/Documentos/Vivado/ProyectoFinal/SoC_project_includeVerilog/build/nexys4ddr/gateware/vivado.jou
#-----------------------------------------------------------
source nexys4ddr.tcl
# create_project -force -name nexys4ddr -part xc7a100t-CSG324-1
create_project: Time (s): cpu = 00:00:02 ; elapsed = 00:00:06 . Memory (MB): peak = 2022.566 ; gain = 0.023 ; free physical = 2216 ; free virtual = 5222
# set_msg_config -id {Common 17-55} -new_severity {Warning}
# read_verilog {/home/davidviralo/Documentos/Vivado/ProyectoFinal/SoC_project_includeVerilog/module/verilog/camara.v}
# read_verilog {/home/davidviralo/Documentos/Vivado/ProyectoFinal/SoC_project_includeVerilog/module/verilog/Infrarrojo/modulo_ir.v}
# read_verilog {/home/davidviralo/Documentos/Vivado/ProyectoFinal/SoC_project_includeVerilog/module/verilog/PWM/BloquePWM.v}
# read_verilog {/home/davidviralo/Documentos/Vivado/ProyectoFinal/SoC_project_includeVerilog/module/verilog/PWM/PWM.v}
# read_verilog {/home/davidviralo/Documentos/Vivado/ProyectoFinal/SoC_project_includeVerilog/module/verilog/PWM/MaquinaEstadosPWM.v}
# read_verilog {/home/davidviralo/Documentos/Vivado/ProyectoFinal/SoC_project_includeVerilog/module/verilog/PWM/DivFreqPWM.v}
# read_verilog {/opt/litex/pythondata-cpu-picorv32/pythondata_cpu_picorv32/verilog/picorv32.v}
# read_verilog {/home/davidviralo/Documentos/Vivado/ProyectoFinal/SoC_project_includeVerilog/build/nexys4ddr/gateware/nexys4ddr.v}
# read_xdc nexys4ddr.xdc
# set_property PROCESSING_ORDER EARLY [get_files nexys4ddr.xdc]
# synth_design -directive default -top nexys4ddr -part xc7a100t-CSG324-1
Command: synth_design -directive default -top nexys4ddr -part xc7a100t-CSG324-1
Starting synth_design
Attempting to get a license for feature 'Synthesis' and/or device 'xc7a100t'
INFO: [Common 17-349] Got license for feature 'Synthesis' and/or device 'xc7a100t'
INFO: [Device 21-403] Loading part xc7a100tcsg324-1
INFO: [Synth 8-7079] Multithreading enabled for synth_design using a maximum of 4 processes.
INFO: [Synth 8-7078] Launching helper process for spawning children vivado processes
INFO: [Synth 8-7075] Helper process launched with PID 3745
ERROR: [Synth 8-2576] procedural assignment to a non-register basesoc_infrarrojo_cntrl_ir_io_storage is not permitted [/home/davidviralo/Documentos/Vivado/ProyectoFinal/SoC_project_includeVerilog/build/nexys4ddr/gateware/nexys4ddr.v:2070]
ERROR: [Synth 8-2576] procedural assignment to a non-register basesoc_infrarrojo_cntrl_ir_io_storage is not permitted [/home/davidviralo/Documentos/Vivado/ProyectoFinal/SoC_project_includeVerilog/build/nexys4ddr/gateware/nexys4ddr.v:2484]
INFO: [Synth 8-2350] module nexys4ddr ignored due to previous errors [/home/davidviralo/Documentos/Vivado/ProyectoFinal/SoC_project_includeVerilog/build/nexys4ddr/gateware/nexys4ddr.v:4]
Failed to read verilog '/home/davidviralo/Documentos/Vivado/ProyectoFinal/SoC_project_includeVerilog/build/nexys4ddr/gateware/nexys4ddr.v'
INFO: [Common 17-83] Releasing license: Synthesis
7 Infos, 0 Warnings, 0 Critical Warnings and 3 Errors encountered.
synth_design failed
ERROR: [Common 17-69] Command failed: Synthesis failed - please see the console or run log file for details
INFO: [Common 17-206] Exiting Vivado at Tue Dec  8 21:13:12 2020...
